This is pdfTeX, Version 3.14159265-2.6-1.40.21 (TeX Live 2020) (preloaded format=pdflatex 2020.10.8)  9 JAN 2022 05:47
entering extended mode
 restricted \write18 enabled.
 %&-line parsing enabled.
**Rtututorial.tex
(./Rtututorial.tex
LaTeX2e <2020-02-02> patch level 5
L3 programming layer <2020-03-06> (/usr/local/texlive/2020/texmf-dist/tex/latex
/base/book.cls
Document Class: book 2019/12/20 v1.4l Standard LaTeX document class
(/usr/local/texlive/2020/texmf-dist/tex/latex/base/bk10.clo
File: bk10.clo 2019/12/20 v1.4l Standard LaTeX file (size option)
)
\c@part=\count167
\c@chapter=\count168
\c@section=\count169
\c@subsection=\count170
\c@subsubsection=\count171
\c@paragraph=\count172
\c@subparagraph=\count173
\c@figure=\count174
\c@table=\count175
\abovecaptionskip=\skip47
\belowcaptionskip=\skip48
\bibindent=\dimen134
) (/usr/local/texlive/2020/texmf-dist/tex/latex/amsmath/amsmath.sty
Package: amsmath 2020/01/20 v2.17e AMS math features
\@mathmargin=\skip49
For additional information on amsmath, use the `?' option.
(/usr/local/texlive/2020/texmf-dist/tex/latex/amsmath/amstext.sty
Package: amstext 2000/06/29 v2.01 AMS text
(/usr/local/texlive/2020/texmf-dist/tex/latex/amsmath/amsgen.sty
File: amsgen.sty 1999/11/30 v2.0 generic functions
\@emptytoks=\toks15
\ex@=\dimen135
)) (/usr/local/texlive/2020/texmf-dist/tex/latex/amsmath/amsbsy.sty
Package: amsbsy 1999/11/29 v1.2d Bold Symbols
\pmbraise@=\dimen136
) (/usr/local/texlive/2020/texmf-dist/tex/latex/amsmath/amsopn.sty
Package: amsopn 2016/03/08 v2.02 operator names
)
\inf@bad=\count176
LaTeX Info: Redefining \frac on input line 227.
\uproot@=\count177
\leftroot@=\count178
LaTeX Info: Redefining \overline on input line 389.
\classnum@=\count179
\DOTSCASE@=\count180
LaTeX Info: Redefining \ldots on input line 486.
LaTeX Info: Redefining \dots on input line 489.
LaTeX Info: Redefining \cdots on input line 610.
\Mathstrutbox@=\box45
\strutbox@=\box46
\big@size=\dimen137
LaTeX Font Info:    Redeclaring font encoding OML on input line 733.
LaTeX Font Info:    Redeclaring font encoding OMS on input line 734.
\macc@depth=\count181
\c@MaxMatrixCols=\count182
\dotsspace@=\muskip16
\c@parentequation=\count183
\dspbrk@lvl=\count184
\tag@help=\toks16
\row@=\count185
\column@=\count186
\maxfields@=\count187
\andhelp@=\toks17
\eqnshift@=\dimen138
\alignsep@=\dimen139
\tagshift@=\dimen140
\tagwidth@=\dimen141
\totwidth@=\dimen142
\lineht@=\dimen143
\@envbody=\toks18
\multlinegap=\skip50
\multlinetaggap=\skip51
\mathdisplay@stack=\toks19
LaTeX Info: Redefining \[ on input line 2859.
LaTeX Info: Redefining \] on input line 2860.
) (/usr/local/texlive/2020/texmf-dist/tex/latex/amsfonts/amssymb.sty
Package: amssymb 2013/01/14 v3.01 AMS font symbols
(/usr/local/texlive/2020/texmf-dist/tex/latex/amsfonts/amsfonts.sty
Package: amsfonts 2013/01/14 v3.01 Basic AMSFonts support
\symAMSa=\mathgroup4
\symAMSb=\mathgroup5
LaTeX Font Info:    Redeclaring math symbol \hbar on input line 98.
LaTeX Font Info:    Overwriting math alphabet `\mathfrak' in version `bold'
(Font)                  U/euf/m/n --> U/euf/b/n on input line 106.
)) (/usr/local/texlive/2020/texmf-dist/tex/latex/lm/lmodern.sty
Package: lmodern 2009/10/30 v1.6 Latin Modern Fonts
LaTeX Font Info:    Overwriting symbol font `operators' in version `normal'
(Font)                  OT1/cmr/m/n --> OT1/lmr/m/n on input line 22.
LaTeX Font Info:    Overwriting symbol font `letters' in version `normal'
(Font)                  OML/cmm/m/it --> OML/lmm/m/it on input line 23.
LaTeX Font Info:    Overwriting symbol font `symbols' in version `normal'
(Font)                  OMS/cmsy/m/n --> OMS/lmsy/m/n on input line 24.
LaTeX Font Info:    Overwriting symbol font `largesymbols' in version `normal'
(Font)                  OMX/cmex/m/n --> OMX/lmex/m/n on input line 25.
LaTeX Font Info:    Overwriting symbol font `operators' in version `bold'
(Font)                  OT1/cmr/bx/n --> OT1/lmr/bx/n on input line 26.
LaTeX Font Info:    Overwriting symbol font `letters' in version `bold'
(Font)                  OML/cmm/b/it --> OML/lmm/b/it on input line 27.
LaTeX Font Info:    Overwriting symbol font `symbols' in version `bold'
(Font)                  OMS/cmsy/b/n --> OMS/lmsy/b/n on input line 28.
LaTeX Font Info:    Overwriting symbol font `largesymbols' in version `bold'
(Font)                  OMX/cmex/m/n --> OMX/lmex/m/n on input line 29.
LaTeX Font Info:    Overwriting math alphabet `\mathbf' in version `normal'
(Font)                  OT1/cmr/bx/n --> OT1/lmr/bx/n on input line 31.
LaTeX Font Info:    Overwriting math alphabet `\mathsf' in version `normal'
(Font)                  OT1/cmss/m/n --> OT1/lmss/m/n on input line 32.
LaTeX Font Info:    Overwriting math alphabet `\mathit' in version `normal'
(Font)                  OT1/cmr/m/it --> OT1/lmr/m/it on input line 33.
LaTeX Font Info:    Overwriting math alphabet `\mathtt' in version `normal'
(Font)                  OT1/cmtt/m/n --> OT1/lmtt/m/n on input line 34.
LaTeX Font Info:    Overwriting math alphabet `\mathbf' in version `bold'
(Font)                  OT1/cmr/bx/n --> OT1/lmr/bx/n on input line 35.
LaTeX Font Info:    Overwriting math alphabet `\mathsf' in version `bold'
(Font)                  OT1/cmss/bx/n --> OT1/lmss/bx/n on input line 36.
LaTeX Font Info:    Overwriting math alphabet `\mathit' in version `bold'
(Font)                  OT1/cmr/bx/it --> OT1/lmr/bx/it on input line 37.
LaTeX Font Info:    Overwriting math alphabet `\mathtt' in version `bold'
(Font)                  OT1/cmtt/m/n --> OT1/lmtt/m/n on input line 38.
) (/usr/local/texlive/2020/texmf-dist/tex/generic/iftex/iftex.sty
Package: iftex 2020/03/06 v1.0d TeX engine tests
) (/usr/local/texlive/2020/texmf-dist/tex/latex/base/fontenc.sty
Package: fontenc 2020/02/11 v2.0o Standard LaTeX package
LaTeX Font Info:    Trying to load font information for T1+lmr on input line 11
2.
(/usr/local/texlive/2020/texmf-dist/tex/latex/lm/t1lmr.fd
File: t1lmr.fd 2009/10/30 v1.6 Font defs for Latin Modern
)) (/usr/local/texlive/2020/texmf-dist/tex/latex/base/inputenc.sty
Package: inputenc 2018/08/11 v1.3c Input encoding file
\inpenc@prehook=\toks20
\inpenc@posthook=\toks21
) (/usr/local/texlive/2020/texmf-dist/tex/latex/base/textcomp.sty
Package: textcomp 2020/02/02 v2.0n Standard LaTeX package
) (/usr/local/texlive/2020/texmf-dist/tex/latex/upquote/upquote.sty
Package: upquote 2012/04/19 v1.3 upright-quote and grave-accent glyphs in verba
tim
) (/usr/local/texlive/2020/texmf-dist/tex/latex/microtype/microtype.sty
Package: microtype 2019/11/18 v2.7d Micro-typographical refinements (RS)
(/usr/local/texlive/2020/texmf-dist/tex/latex/graphics/keyval.sty
Package: keyval 2014/10/28 v1.15 key=value parser (DPC)
\KV@toks@=\toks22
)
\MT@toks=\toks23
\MT@count=\count188
LaTeX Info: Redefining \textls on input line 790.
\MT@outer@kern=\dimen144
LaTeX Info: Redefining \textmicrotypecontext on input line 1354.
\MT@listname@count=\count189
(/usr/local/texlive/2020/texmf-dist/tex/latex/microtype/microtype-pdftex.def
File: microtype-pdftex.def 2019/11/18 v2.7d Definitions specific to pdftex (RS)

LaTeX Info: Redefining \lsstyle on input line 914.
LaTeX Info: Redefining \lslig on input line 914.
\MT@outer@space=\skip52
)
Package microtype Info: Loading configuration file microtype.cfg.
(/usr/local/texlive/2020/texmf-dist/tex/latex/microtype/microtype.cfg
File: microtype.cfg 2019/11/18 v2.7d microtype main configuration file (RS)
)) (/usr/local/texlive/2020/texmf-dist/tex/latex/parskip/parskip.sty
Package: parskip 2020-01-22 v2.0d non-zero parskip adjustments
(/usr/local/texlive/2020/texmf-dist/tex/latex/kvoptions/kvoptions.sty
Package: kvoptions 2019/11/29 v3.13 Key value format for package options (HO)
(/usr/local/texlive/2020/texmf-dist/tex/generic/ltxcmds/ltxcmds.sty
Package: ltxcmds 2019/12/15 v1.24 LaTeX kernel commands for general use (HO)
) (/usr/local/texlive/2020/texmf-dist/tex/generic/kvsetkeys/kvsetkeys.sty
Package: kvsetkeys 2019/12/15 v1.18 Key value parser (HO)
)) (/usr/local/texlive/2020/texmf-dist/tex/latex/etoolbox/etoolbox.sty
Package: etoolbox 2019/09/21 v2.5h e-TeX tools for LaTeX (JAW)
\etb@tempcnta=\count190
)) (/usr/local/texlive/2020/texmf-dist/tex/latex/xcolor/xcolor.sty
Package: xcolor 2016/05/11 v2.12 LaTeX color extensions (UK)
(/usr/local/texlive/2020/texmf-dist/tex/latex/graphics-cfg/color.cfg
File: color.cfg 2016/01/02 v1.6 sample color configuration
)
Package xcolor Info: Driver file: pdftex.def on input line 225.
(/usr/local/texlive/2020/texmf-dist/tex/latex/graphics-def/pdftex.def
File: pdftex.def 2018/01/08 v1.0l Graphics/color driver for pdftex
)
Package xcolor Info: Model `cmy' substituted by `cmy0' on input line 1348.
Package xcolor Info: Model `hsb' substituted by `rgb' on input line 1352.
Package xcolor Info: Model `RGB' extended on input line 1364.
Package xcolor Info: Model `HTML' substituted by `rgb' on input line 1366.
Package xcolor Info: Model `Hsb' substituted by `hsb' on input line 1367.
Package xcolor Info: Model `tHsb' substituted by `hsb' on input line 1368.
Package xcolor Info: Model `HSB' substituted by `hsb' on input line 1369.
Package xcolor Info: Model `Gray' substituted by `gray' on input line 1370.
Package xcolor Info: Model `wave' substituted by `hsb' on input line 1371.
(/usr/local/texlive/2020/texmf-dist/tex/latex/graphics/dvipsnam.def
File: dvipsnam.def 2016/06/17 v3.0m Driver-dependent file (DPC,SPQR)
) (/usr/local/texlive/2020/texmf-dist/tex/latex/xcolor/svgnam.def
File: svgnam.def 2016/05/11 v2.12 Predefined colors according to SVG 1.1 (UK)
) (/usr/local/texlive/2020/texmf-dist/tex/latex/xcolor/x11nam.def
File: x11nam.def 2016/05/11 v2.12 Predefined colors according to Unix/X11 (UK)
)) (/usr/local/texlive/2020/texmf-dist/tex/latex/xurl/xurl.sty
Package: xurl 2020/01/24 v 0.09 modify URL breaks
(/usr/local/texlive/2020/texmf-dist/tex/latex/url/url.sty
\Urlmuskip=\muskip17
Package: url 2013/09/16  ver 3.4  Verb mode for urls, etc.
)) (/usr/local/texlive/2020/texmf-dist/tex/latex/bookmark/bookmark.sty
Package: bookmark 2019/12/03 v1.28 PDF bookmarks (HO)
(/usr/local/texlive/2020/texmf-dist/tex/latex/hyperref/hyperref.sty
Package: hyperref 2020/01/14 v7.00d Hypertext links for LaTeX
(/usr/local/texlive/2020/texmf-dist/tex/latex/pdftexcmds/pdftexcmds.sty
Package: pdftexcmds 2019/11/24 v0.31 Utility functions of pdfTeX for LuaTeX (HO
)
(/usr/local/texlive/2020/texmf-dist/tex/generic/infwarerr/infwarerr.sty
Package: infwarerr 2019/12/03 v1.5 Providing info/warning/error messages (HO)
)
Package pdftexcmds Info: \pdf@primitive is available.
Package pdftexcmds Info: \pdf@ifprimitive is available.
Package pdftexcmds Info: \pdfdraftmode found.
) (/usr/local/texlive/2020/texmf-dist/tex/generic/kvdefinekeys/kvdefinekeys.sty
Package: kvdefinekeys 2019-12-19 v1.6 Define keys (HO)
) (/usr/local/texlive/2020/texmf-dist/tex/generic/pdfescape/pdfescape.sty
Package: pdfescape 2019/12/09 v1.15 Implements pdfTeX's escape features (HO)
) (/usr/local/texlive/2020/texmf-dist/tex/latex/hycolor/hycolor.sty
Package: hycolor 2020-01-27 v1.10 Color options for hyperref/bookmark (HO)
) (/usr/local/texlive/2020/texmf-dist/tex/latex/letltxmacro/letltxmacro.sty
Package: letltxmacro 2019/12/03 v1.6 Let assignment for LaTeX macros (HO)
) (/usr/local/texlive/2020/texmf-dist/tex/latex/auxhook/auxhook.sty
Package: auxhook 2019-12-17 v1.6 Hooks for auxiliary files (HO)
)
\@linkdim=\dimen145
\Hy@linkcounter=\count191
\Hy@pagecounter=\count192
(/usr/local/texlive/2020/texmf-dist/tex/latex/hyperref/pd1enc.def
File: pd1enc.def 2020/01/14 v7.00d Hyperref: PDFDocEncoding definition (HO)
Now handling font encoding PD1 ...
... no UTF-8 mapping file for font encoding PD1
) (/usr/local/texlive/2020/texmf-dist/tex/generic/intcalc/intcalc.sty
Package: intcalc 2019/12/15 v1.3 Expandable calculations with integers (HO)
) (/usr/local/texlive/2020/texmf-dist/tex/generic/etexcmds/etexcmds.sty
Package: etexcmds 2019/12/15 v1.7 Avoid name clashes with e-TeX commands (HO)
)
\Hy@SavedSpaceFactor=\count193
Package hyperref Info: Option `unicode' set `true' on input line 4421.
(/usr/local/texlive/2020/texmf-dist/tex/latex/hyperref/puenc.def
File: puenc.def 2020/01/14 v7.00d Hyperref: PDF Unicode definition (HO)
Now handling font encoding PU ...
... no UTF-8 mapping file for font encoding PU
)
Package hyperref Info: Hyper figures OFF on input line 4547.
Package hyperref Info: Link nesting OFF on input line 4552.
Package hyperref Info: Hyper index ON on input line 4555.
Package hyperref Info: Plain pages OFF on input line 4562.
Package hyperref Info: Backreferencing OFF on input line 4567.
Package hyperref Info: Implicit mode ON; LaTeX internals redefined.
Package hyperref Info: Bookmarks ON on input line 4800.
\c@Hy@tempcnt=\count194
LaTeX Info: Redefining \url on input line 5159.
\XeTeXLinkMargin=\dimen146
(/usr/local/texlive/2020/texmf-dist/tex/generic/bitset/bitset.sty
Package: bitset 2019/12/09 v1.3 Handle bit-vector datatype (HO)
(/usr/local/texlive/2020/texmf-dist/tex/generic/bigintcalc/bigintcalc.sty
Package: bigintcalc 2019/12/15 v1.5 Expandable calculations on big integers (HO
)
))
\Fld@menulength=\count195
\Field@Width=\dimen147
\Fld@charsize=\dimen148
Package hyperref Info: Hyper figures OFF on input line 6430.
Package hyperref Info: Link nesting OFF on input line 6435.
Package hyperref Info: Hyper index ON on input line 6438.
Package hyperref Info: backreferencing OFF on input line 6445.
Package hyperref Info: Link coloring OFF on input line 6450.
Package hyperref Info: Link coloring with OCG OFF on input line 6455.
Package hyperref Info: PDF/A mode OFF on input line 6460.
LaTeX Info: Redefining \ref on input line 6500.
LaTeX Info: Redefining \pageref on input line 6504.
(/usr/local/texlive/2020/texmf-dist/tex/generic/atbegshi/atbegshi.sty
Package: atbegshi 2019/12/05 v1.19 At begin shipout hook (HO)
)
\Hy@abspage=\count196
\c@Item=\count197
\c@Hfootnote=\count198
)
Package hyperref Info: Driver (autodetected): hpdftex.
(/usr/local/texlive/2020/texmf-dist/tex/latex/hyperref/hpdftex.def
File: hpdftex.def 2020/01/14 v7.00d Hyperref driver for pdfTeX
(/usr/local/texlive/2020/texmf-dist/tex/latex/atveryend/atveryend.sty
Package: atveryend 2019-12-11 v1.11 Hooks at the very end of document (HO)
)
\Fld@listcount=\count199
\c@bookmark@seq@number=\count266

(/usr/local/texlive/2020/texmf-dist/tex/latex/rerunfilecheck/rerunfilecheck.sty
Package: rerunfilecheck 2019/12/05 v1.9 Rerun checks for auxiliary files (HO)

(/usr/local/texlive/2020/texmf-dist/tex/generic/uniquecounter/uniquecounter.sty
Package: uniquecounter 2019/12/15 v1.4 Provide unlimited unique counter (HO)
)
Package uniquecounter Info: New unique counter `rerunfilecheck' on input line 2
86.
)
\Hy@SectionHShift=\skip53
) (/usr/local/texlive/2020/texmf-dist/tex/latex/bookmark/bkm-pdftex.def
File: bkm-pdftex.def 2019/12/03 v1.28 bookmark driver for pdfTeX (HO)
\BKM@id=\count267
))
Package hyperref Info: Option `colorlinks' set `true' on input line 52.
(/usr/local/texlive/2020/texmf-dist/tex/latex/fancyvrb/fancyvrb.sty
Package: fancyvrb 2020/01/13 v3.5 verbatim text (tvz,hv)
\FV@CodeLineNo=\count268
\FV@InFile=\read2
\FV@TabBox=\box47
\c@FancyVerbLine=\count269
\FV@StepNumber=\count270
\FV@OutFile=\write3
) (/usr/local/texlive/2020/texmf-dist/tex/latex/framed/framed.sty
Package: framed 2011/10/22 v 0.96: framed or shaded text with page breaks
\OuterFrameSep=\skip54
\fb@frw=\dimen149
\fb@frh=\dimen150
\FrameRule=\dimen151
\FrameSep=\dimen152
) (/usr/local/texlive/2020/texmf-dist/tex/latex/tools/longtable.sty
Package: longtable 2020/01/07 v4.13 Multi-page Table package (DPC)
\LTleft=\skip55
\LTright=\skip56
\LTpre=\skip57
\LTpost=\skip58
\LTchunksize=\count271
\LTcapwidth=\dimen153
\LT@head=\box48
\LT@firsthead=\box49
\LT@foot=\box50
\LT@lastfoot=\box51
\LT@cols=\count272
\LT@rows=\count273
\c@LT@tables=\count274
\c@LT@chunks=\count275
\LT@p@ftn=\toks24
) (/usr/local/texlive/2020/texmf-dist/tex/latex/booktabs/booktabs.sty
Package: booktabs 2020/01/12 v1.61803398 Publication quality tables
\heavyrulewidth=\dimen154
\lightrulewidth=\dimen155
\cmidrulewidth=\dimen156
\belowrulesep=\dimen157
\belowbottomsep=\dimen158
\aboverulesep=\dimen159
\abovetopsep=\dimen160
\cmidrulesep=\dimen161
\cmidrulekern=\dimen162
\defaultaddspace=\dimen163
\@cmidla=\count276
\@cmidlb=\count277
\@aboverulesep=\dimen164
\@belowrulesep=\dimen165
\@thisruleclass=\count278
\@lastruleclass=\count279
\@thisrulewidth=\dimen166
) (/usr/local/texlive/2020/texmf-dist/tex/latex/tools/array.sty
Package: array 2019/08/31 v2.4l Tabular extension package (FMi)
\col@sep=\dimen167
\ar@mcellbox=\box52
\extrarowheight=\dimen168
\NC@list=\toks25
\extratabsurround=\skip59
\backup@length=\skip60
\ar@cellbox=\box53
) (/usr/local/texlive/2020/texmf-dist/tex/latex/tools/calc.sty
Package: calc 2017/05/25 v4.3 Infix arithmetic (KKT,FJ)
\calc@Acount=\count280
\calc@Bcount=\count281
\calc@Adimen=\dimen169
\calc@Bdimen=\dimen170
\calc@Askip=\skip61
\calc@Bskip=\skip62
LaTeX Info: Redefining \setlength on input line 80.
LaTeX Info: Redefining \addtolength on input line 81.
\calc@Ccount=\count282
\calc@Cskip=\skip63
) (/usr/local/texlive/2020/texmf-dist/tex/latex/footnotehyper/footnotehyper.sty
Package: footnotehyper 2019/11/07 v1.1a hyperref aware footnote.sty (JFB)
\FNH@notes=\box54
\FNH@width=\dimen171
) (/usr/local/texlive/2020/texmf-dist/tex/latex/graphics/graphicx.sty
Package: graphicx 2019/11/30 v1.2a Enhanced LaTeX Graphics (DPC,SPQR)
(/usr/local/texlive/2020/texmf-dist/tex/latex/graphics/graphics.sty
Package: graphics 2019/11/30 v1.4a Standard LaTeX Graphics (DPC,SPQR)
(/usr/local/texlive/2020/texmf-dist/tex/latex/graphics/trig.sty
Package: trig 2016/01/03 v1.10 sin cos tan (DPC)
) (/usr/local/texlive/2020/texmf-dist/tex/latex/graphics-cfg/graphics.cfg
File: graphics.cfg 2016/06/04 v1.11 sample graphics configuration
)
Package graphics Info: Driver file: pdftex.def on input line 105.
)
\Gin@req@height=\dimen172
\Gin@req@width=\dimen173
) (/usr/local/texlive/2020/texmf-dist/tex/latex/cjk-ko/kotex.sty
Package: kotex 2015/04/19 v1.6 Korean TeX (ko.TeX)
(/usr/local/texlive/2020/texmf-dist/tex/latex/kotex-utf/kotex.cfg) (/usr/local/
texlive/2020/texmf-dist/tex/latex/kotex-utf/kotexutf.sty
Package: kotexutf 2015/07/18 v2.1.1 typesetting UTF-8 Korean documents
(/usr/local/texlive/2020/texmf-dist/tex/plain/kotex-plain/kotexutf-core.tex
\unih@ngulpoint=\count283
\dhucs@emph@raise=\dimen174
)
Now handling font encoding LUC ...
... processing UTF-8 mapping file for font encoding LUC
(/usr/local/texlive/2020/texmf-dist/tex/latex/kotex-utf/lucenc.dfu
File: lucenc.dfu 2007/09/05 UTF-8 support for dhucs
   defining Unicode char U+00B7 (decimal 183)
   defining Unicode char U+2018 (decimal 8216)
   defining Unicode char U+2019 (decimal 8217)
   defining Unicode char U+201C (decimal 8220)
   defining Unicode char U+201D (decimal 8221)
   defining Unicode char U+3001 (decimal 12289)
   defining Unicode char U+3002 (decimal 12290)
   defining Unicode char U+3008 (decimal 12296)
   defining Unicode char U+3009 (decimal 12297)
   defining Unicode char U+300A (decimal 12298)
   defining Unicode char U+300B (decimal 12299)
   defining Unicode char U+300C (decimal 12300)
   defining Unicode char U+300D (decimal 12301)
   defining Unicode char U+300E (decimal 12302)
   defining Unicode char U+300F (decimal 12303)
   defining Unicode char U+3010 (decimal 12304)
   defining Unicode char U+3011 (decimal 12305)
   defining Unicode char U+3014 (decimal 12308)
   defining Unicode char U+3015 (decimal 12309)
   defining Unicode char U+3016 (decimal 12310)
   defining Unicode char U+3017 (decimal 12311)
   defining Unicode char U+3018 (decimal 12312)
   defining Unicode char U+3019 (decimal 12313)
   defining Unicode char U+301A (decimal 12314)
   defining Unicode char U+301B (decimal 12315)
   defining Unicode char U+FF01 (decimal 65281)
   defining Unicode char U+FF08 (decimal 65288)
   defining Unicode char U+FF09 (decimal 65289)
   defining Unicode char U+FF0C (decimal 65292)
   defining Unicode char U+FF0E (decimal 65294)
   defining Unicode char U+FF1A (decimal 65306)
   defining Unicode char U+FF1B (decimal 65307)
   defining Unicode char U+FF1C (decimal 65308)
   defining Unicode char U+FF1D (decimal 65309)
   defining Unicode char U+FF1E (decimal 65310)
   defining Unicode char U+FF1F (decimal 65311)
   defining Unicode char U+FF3B (decimal 65339)
   defining Unicode char U+FF3D (decimal 65341)
   defining Unicode char U+FF5B (decimal 65371)
   defining Unicode char U+FF5D (decimal 65373)
   defining Unicode char U+FF61 (decimal 65377)
   defining Unicode char U+FF62 (decimal 65378)
   defining Unicode char U+FF63 (decimal 65379)
   defining Unicode char U+FF64 (decimal 65380)
   defining Unicode char U+FF65 (decimal 65381)
)
\@josa=\count284
\josatoks=\toks26
(/usr/local/texlive/2020/texmf-dist/tex/latex/cjk-ko/kolabels-utf.sty
Package: kolabels-utf 2015/03/20 v1.5 UTF-8 Hangul item labels
) (/usr/local/texlive/2020/texmf-dist/tex/latex/kotex-utf/kosections-utf.sty
File: kosections-utf 2013/10/20 hangul option to kotex/utf
   defining Unicode char U+00BC (decimal 188)
   defining Unicode char U+00BD (decimal 189)
   defining Unicode char U+00BE (decimal 190)
   defining Unicode char U+02D0 (decimal 720)
   defining Unicode char U+2025 (decimal 8229)
   defining Unicode char U+2015 (decimal 8213)
   defining Unicode char U+2312 (decimal 8978)
   defining Unicode char U+203B (decimal 8251)
(/usr/local/texlive/2020/texmf-dist/tex/latex/cjk-ko/konames-utf.sty
Package: konames-utf 2015/07/06 v1.7 UTF-8 Hangul captions
)
\raisedotdim=\dimen175
\dhucs@emph@width=\dimen176
\useremphraisedim=\dimen177
))) (/usr/local/texlive/2020/texmf-dist/tex/latex/tools/bm.sty
Package: bm 2019/07/24 v1.2d Bold Symbol Support (DPC/FMi)
\symboldoperators=\mathgroup6
\symboldletters=\mathgroup7
\symboldsymbols=\mathgroup8
LaTeX Font Info:    Redeclaring math alphabet \mathbf on input line 141.
LaTeX Info: Redefining \bm on input line 209.
) (/usr/local/texlive/2020/texmf-dist/tex/latex/preprint/fullpage.sty
Package: fullpage 1999/02/23 1.1 (PWD)
\FP@margin=\skip64
)
Package hyperref Info: Option `colorlinks' set `true' on input line 144.
(/usr/local/texlive/2020/texmf-dist/tex/latex/caption/caption.sty
Package: caption 2020/01/03 v3.4h Customizing captions (AR)
(/usr/local/texlive/2020/texmf-dist/tex/latex/caption/caption3.sty
Package: caption3 2020/01/03 v1.8h caption3 kernel (AR)
Package caption3 Info: TeX engine: e-TeX on input line 61.
\captionmargin=\dimen178
\captionmargin@=\dimen179
\captionwidth=\dimen180
\caption@tempdima=\dimen181
\caption@indent=\dimen182
\caption@parindent=\dimen183
\caption@hangindent=\dimen184
Package caption Info: Standard document class detected.
)
\c@caption@flags=\count285
\c@continuedfloat=\count286
Package caption Info: hyperref package is loaded.
Package caption Info: longtable package is loaded.
(/usr/local/texlive/2020/texmf-dist/tex/latex/caption/ltcaption.sty
Package: ltcaption 2018/08/26 v1.4a longtable captions (AR)
)) (/usr/local/texlive/2020/texmf-dist/tex/latex/base/makeidx.sty
Package: makeidx 2014/09/29 v1.0m Standard LaTeX package
)
\@indexfile=\write4
\openout4 = `Rtututorial.idx'.

Writing index file Rtututorial.idx
(/usr/local/texlive/2020/texmf-dist/tex/latex/amscls/amsthm.sty
Package: amsthm 2017/10/31 v2.20.4
\thm@style=\toks27
\thm@bodyfont=\toks28
\thm@headfont=\toks29
\thm@notefont=\toks30
\thm@headpunct=\toks31
\thm@preskip=\skip65
\thm@postskip=\skip66
\thm@headsep=\skip67
\dth@everypar=\toks32
) (/usr/local/texlive/2020/texmf-dist/tex/latex/multirow/multirow.sty
Package: multirow 2019/05/31 v2.5 Span multiple rows of a table
\multirow@colwidth=\skip68
\multirow@cntb=\count287
\multirow@dima=\skip69
\bigstrutjot=\dimen185
) (/usr/local/texlive/2020/texmf-dist/tex/latex/wrapfig/wrapfig.sty
\wrapoverhang=\dimen186
\WF@size=\dimen187
\c@WF@wrappedlines=\count288
\WF@box=\box55
\WF@everypar=\toks33
Package: wrapfig 2003/01/31  v 3.6
) (/usr/local/texlive/2020/texmf-dist/tex/latex/float/float.sty
Package: float 2001/11/08 v1.3d Float enhancements (AL)
\c@float@type=\count289
\float@exts=\toks34
\float@box=\box56
\@float@everytoks=\toks35
\@floatcapt=\box57
) (/usr/local/texlive/2020/texmf-dist/tex/latex/colortbl/colortbl.sty
Package: colortbl 2020/01/04 v1.0e Color table columns (DPC)
\everycr=\toks36
\minrowclearance=\skip70
) (/usr/local/texlive/2020/texmf-dist/tex/latex/pdflscape/pdflscape.sty
Package: pdflscape 2019/12/05 v0.12 Display of landscape pages in PDF (HO)
(/usr/local/texlive/2020/texmf-dist/tex/latex/graphics/lscape.sty
Package: lscape 2000/10/22 v3.01 Landscape Pages (DPC)
)
Package pdflscape Info: Auto-detected driver: pdftex on input line 81.
) (/usr/local/texlive/2020/texmf-dist/tex/latex/tabu/tabu.sty
Package: tabu 2019/01/11 v2.9 - flexible LaTeX tabulars (FC+tabu-fixed)
(/usr/local/texlive/2020/texmf-dist/tex/latex/varwidth/varwidth.sty
Package: varwidth 2009/03/30 ver 0.92;  Variable-width minipages
\@vwid@box=\box58
\sift@deathcycles=\count290
\@vwid@loff=\dimen188
\@vwid@roff=\dimen189
)
\c@taburow=\count291
\tabu@nbcols=\count292
\tabu@cnt=\count293
\tabu@Xcol=\count294
\tabu@alloc=\count295
\tabu@nested=\count296
\tabu@target=\dimen190
\tabu@spreadtarget=\dimen191
\tabu@naturalX=\dimen192
\tabucolX=\dimen193
\tabu@Xsum=\dimen194
\extrarowdepth=\dimen195
\abovetabulinesep=\dimen196
\belowtabulinesep=\dimen197
\tabustrutrule=\dimen198
\tabu@thebody=\toks37
\tabu@footnotes=\toks38
\tabu@box=\box59
\tabu@arstrutbox=\box60
\tabu@hleads=\box61
\tabu@vleads=\box62
\tabu@cellskip=\skip71
)
(/usr/local/texlive/2020/texmf-dist/tex/latex/threeparttable/threeparttable.sty
Package: threeparttable 2003/06/13  v 3.0
\@tempboxb=\box63
)
(/usr/local/texlive/2020/texmf-dist/tex/latex/threeparttablex/threeparttablex.s
ty
Package: threeparttablex 2013/07/23 v0.3 by daleif
(/usr/local/texlive/2020/texmf-dist/tex/latex/environ/environ.sty
Package: environ 2014/05/04 v0.3 A new way to define environments
(/usr/local/texlive/2020/texmf-dist/tex/latex/trimspaces/trimspaces.sty
Package: trimspaces 2009/09/17 v1.1 Trim spaces around a token list
))
\TPTL@width=\skip72
) (/usr/local/texlive/2020/texmf-dist/tex/generic/ulem/ulem.sty
\UL@box=\box64
\UL@hyphenbox=\box65
\UL@skip=\skip73
\UL@hook=\toks39
\UL@height=\dimen199
\UL@pe=\count297
\UL@pixel=\dimen256
\ULC@box=\box66
Package: ulem 2019/11/18
\ULdepth=\dimen257
) (/usr/local/texlive/2020/texmf-dist/tex/latex/makecell/makecell.sty
Package: makecell 2009/08/03 V0.1e Managing of Tab Column Heads and Cells
\rotheadsize=\dimen258
\c@nlinenum=\count298
\TeXr@lab=\toks40
) (/usr/local/texlive/2020/texmf-dist/tex/latex/natbib/natbib.sty
Package: natbib 2010/09/13 8.31b (PWD, AO)
\bibhang=\skip74
\bibsep=\skip75
LaTeX Info: Redefining \cite on input line 694.
\c@NAT@ctr=\count299
) (/usr/local/texlive/2020/texmf-dist/tex/latex/l3backend/l3backend-pdfmode.def
File: l3backend-pdfmode.def 2020-03-12 L3 backend support: PDF mode
\l__kernel_color_stack_int=\count300
\l__pdf_internal_box=\box67
) (./Rtututorial.aux)
\openout1 = `Rtututorial.aux'.

LaTeX Font Info:    Checking defaults for OML/cmm/m/it on input line 271.
LaTeX Font Info:    ... okay on input line 271.
LaTeX Font Info:    Checking defaults for OMS/cmsy/m/n on input line 271.
LaTeX Font Info:    ... okay on input line 271.
LaTeX Font Info:    Checking defaults for OT1/cmr/m/n on input line 271.
LaTeX Font Info:    ... okay on input line 271.
LaTeX Font Info:    Checking defaults for T1/cmr/m/n on input line 271.
LaTeX Font Info:    ... okay on input line 271.
LaTeX Font Info:    Checking defaults for TS1/cmr/m/n on input line 271.
LaTeX Font Info:    ... okay on input line 271.
LaTeX Font Info:    Checking defaults for OMX/cmex/m/n on input line 271.
LaTeX Font Info:    ... okay on input line 271.
LaTeX Font Info:    Checking defaults for U/cmr/m/n on input line 271.
LaTeX Font Info:    ... okay on input line 271.
LaTeX Font Info:    Checking defaults for PD1/pdf/m/n on input line 271.
LaTeX Font Info:    ... okay on input line 271.
LaTeX Font Info:    Checking defaults for PU/pdf/m/n on input line 271.
LaTeX Font Info:    ... okay on input line 271.
LaTeX Font Info:    Checking defaults for LUC/nanummj/m/n on input line 271.
LaTeX Font Info:    Trying to load font information for LUC+nanummj on input li
ne 271.
(/usr/local/texlive/2020/texmf-dist/tex/latex/nanumtype1/lucnanummj.fd
File: lucnanummj.fd 2013/02/12 v0.1 Nanum Myeongjo font definitions
)
LaTeX Font Info:    ... okay on input line 271.

Package microtype Warning: Command \pickup@font is not defined as expected.
(microtype)                Patching it anyway. Some things may break.
(microtype)                Double-check whether micro-typography is indeed
(microtype)                applied to the document.
(microtype)                (Hint: Turn on `verbose' mode).

LaTeX Info: Redefining \microtypecontext on input line 271.
Package microtype Info: Generating PDF output.
Package microtype Info: Character protrusion enabled (level 2).
Package microtype Info: Using protrusion set `basicmath'.
Package microtype Info: Automatic font expansion enabled (level 2),
(microtype)             stretch: 20, shrink: 20, step: 1, non-selected.
Package microtype Info: Using default expansion set `basictext'.
LaTeX Info: Redefining \showhyphens on input line 271.
Package microtype Info: No adjustment of tracking.
Package microtype Info: No adjustment of interword spacing.
Package microtype Info: No adjustment of character kerning.
(/usr/local/texlive/2020/texmf-dist/tex/latex/microtype/mt-cmr.cfg
File: mt-cmr.cfg 2013/05/19 v2.2 microtype config. file: Computer Modern Roman 
(RS)
) (/usr/local/texlive/2020/texmf-dist/tex/context/base/mkii/supp-pdf.mkii
[Loading MPS to PDF converter (version 2006.09.02).]
\scratchcounter=\count301
\scratchdimen=\dimen259
\scratchbox=\box68
\nofMPsegments=\count302
\nofMParguments=\count303
\everyMPshowfont=\toks41
\MPscratchCnt=\count304
\MPscratchDim=\dimen260
\MPnumerator=\count305
\makeMPintoPDFobject=\count306
\everyMPtoPDFconversion=\toks42
) (/usr/local/texlive/2020/texmf-dist/tex/latex/epstopdf-pkg/epstopdf-base.sty
Package: epstopdf-base 2020-01-24 v2.11 Base part for package epstopdf
Package epstopdf-base Info: Redefining graphics rule for `.eps' on input line 4
85.
(/usr/local/texlive/2020/texmf-dist/tex/latex/latexconfig/epstopdf-sys.cfg
File: epstopdf-sys.cfg 2010/07/13 v1.3 Configuration of (r)epstopdf for TeX Liv
e
))
\AtBeginShipoutBox=\box69
Package hyperref Info: Link coloring ON on input line 271.
(/usr/local/texlive/2020/texmf-dist/tex/latex/hyperref/nameref.sty
Package: nameref 2019/09/16 v2.46 Cross-referencing by name of section
(/usr/local/texlive/2020/texmf-dist/tex/latex/refcount/refcount.sty
Package: refcount 2019/12/15 v3.6 Data extraction from label references (HO)
)
(/usr/local/texlive/2020/texmf-dist/tex/generic/gettitlestring/gettitlestring.s
ty
Package: gettitlestring 2019/12/15 v1.6 Cleanup title references (HO)
)
\c@section@level=\count307
)
LaTeX Info: Redefining \ref on input line 271.
LaTeX Info: Redefining \pageref on input line 271.
LaTeX Info: Redefining \nameref on input line 271.
Package caption Info: Begin \AtBeginDocument code.
Package caption Info: float package is loaded.
Package caption Info: threeparttable package is loaded.
Package caption Info: wrapfig package is loaded.
Package caption Info: End \AtBeginDocument code.
LaTeX Font Info:    Trying to load font information for OT1+lmr on input line 2
73.
(/usr/local/texlive/2020/texmf-dist/tex/latex/lm/ot1lmr.fd
File: ot1lmr.fd 2009/10/30 v1.6 Font defs for Latin Modern
)
LaTeX Font Info:    Trying to load font information for OML+lmm on input line 2
73.
(/usr/local/texlive/2020/texmf-dist/tex/latex/lm/omllmm.fd
File: omllmm.fd 2009/10/30 v1.6 Font defs for Latin Modern
)
LaTeX Font Info:    Trying to load font information for OMS+lmsy on input line 
273.
(/usr/local/texlive/2020/texmf-dist/tex/latex/lm/omslmsy.fd
File: omslmsy.fd 2009/10/30 v1.6 Font defs for Latin Modern
)
LaTeX Font Info:    Trying to load font information for OMX+lmex on input line 
273.
(/usr/local/texlive/2020/texmf-dist/tex/latex/lm/omxlmex.fd
File: omxlmex.fd 2009/10/30 v1.6 Font defs for Latin Modern
)
LaTeX Font Info:    External font `lmex10' loaded for size
(Font)              <12> on input line 273.
LaTeX Font Info:    External font `lmex10' loaded for size
(Font)              <8> on input line 273.
LaTeX Font Info:    External font `lmex10' loaded for size
(Font)              <6> on input line 273.
LaTeX Font Info:    Trying to load font information for U+msa on input line 273
.
(/usr/local/texlive/2020/texmf-dist/tex/latex/amsfonts/umsa.fd
File: umsa.fd 2013/01/14 v3.01 AMS symbols A
) (/usr/local/texlive/2020/texmf-dist/tex/latex/microtype/mt-msa.cfg
File: mt-msa.cfg 2006/02/04 v1.1 microtype config. file: AMS symbols (a) (RS)
)
LaTeX Font Info:    Trying to load font information for U+msb on input line 273
.
(/usr/local/texlive/2020/texmf-dist/tex/latex/amsfonts/umsb.fd
File: umsb.fd 2013/01/14 v3.01 AMS symbols B
) (/usr/local/texlive/2020/texmf-dist/tex/latex/microtype/mt-msb.cfg
File: mt-msb.cfg 2005/06/01 v1.0 microtype config. file: AMS symbols (b) (RS)
) [1



{/usr/local/texlive/2020/texmf-var/fonts/map/pdftex/updmap/pdftex.map}]
<images/mycover.jpg, id=23, 1104.125pt x 621.32124pt>
File: images/mycover.jpg Graphic file (type jpg)
<use images/mycover.jpg>
Package pdftex.def Info: images/mycover.jpg  used on input line 279.
(pdftex.def)             Requested size: 469.76077pt x 264.3472pt.
[2 <./images/mycover.jpg>] (./Rtututorial.toc
LaTeX Font Info:    External font `lmex10' loaded for size
(Font)              <10> on input line 3.
LaTeX Font Info:    External font `lmex10' loaded for size
(Font)              <7> on input line 3.
LaTeX Font Info:    External font `lmex10' loaded for size
(Font)              <5> on input line 3.
LaTeX Font Info:    Trying to load font information for T1+lmtt on input line 1
6.
(/usr/local/texlive/2020/texmf-dist/tex/latex/lm/t1lmtt.fd
File: t1lmtt.fd 2009/10/30 v1.6 Font defs for Latin Modern
) [3

])
\tf@toc=\write5
\openout5 = `Rtututorial.toc'.

[4] (./Rtututorial.lof)
\tf@lof=\write6
\openout6 = `Rtututorial.lof'.

[5

] [6

] (./Rtututorial.lot)
\tf@lot=\write7
\openout7 = `Rtututorial.lot'.

[7] [8

] [9] [10

]
Ï†ú\nobreakspace {}1\nobreakspace {}Ïû•
LaTeX Font Info:    Trying to load font information for TS1+lmr on input line 3
27.
(/usr/local/texlive/2020/texmf-dist/tex/latex/lm/ts1lmr.fd
File: ts1lmr.fd 2009/10/30 v1.6 Font defs for Latin Modern
)
<./myimages/Rhomepage.png, id=182, 899.36pt x 578.16pt>
File: ./myimages/Rhomepage.png Graphic file (type png)
<use ./myimages/Rhomepage.png>
Package pdftex.def Info: ./myimages/Rhomepage.png  used on input line 345.
(pdftex.def)             Requested size: 328.81946pt x 211.38393pt.
<./myimages/cloudserver.png, id=183, 1477.52pt x 385.44pt>
File: ./myimages/cloudserver.png Graphic file (type png)
<use ./myimages/cloudserver.png>
Package pdftex.def Info: ./myimages/cloudserver.png  used on input line 356.
(pdftex.def)             Requested size: 328.82043pt x 85.77924pt.
<./myimages/downloadpage01.png, id=184, 963.6pt x 642.4pt>
File: ./myimages/downloadpage01.png Graphic file (type png)
<use ./myimages/downloadpage01.png>
Package pdftex.def Info: ./myimages/downloadpage01.png  used on input line 367.

(pdftex.def)             Requested size: 328.82533pt x 219.21689pt.
<./myimages/downloadpage02.png, id=185, 1092.08pt x 321.2pt>
File: ./myimages/downloadpage02.png Graphic file (type png)
<use ./myimages/downloadpage02.png>
Package pdftex.def Info: ./myimages/downloadpage02.png  used on input line 378.

(pdftex.def)             Requested size: 328.82632pt x 96.71362pt.
File: ./myimages/downloadpage02.png Graphic file (type png)
<use ./myimages/downloadpage02.png>
Package pdftex.def Info: ./myimages/downloadpage02.png  used on input line 389.

(pdftex.def)             Requested size: 328.82632pt x 96.71362pt.
[1

] [2 <./myimages/Rhomepage.png> <./myimages/cloudserver.png> <./myimages/downlo
adpage01.png>]
<./myimages/rstudio-01.png, id=211, 811.53188pt x 447.17062pt>
File: ./myimages/rstudio-01.png Graphic file (type png)
<use ./myimages/rstudio-01.png>
Package pdftex.def Info: ./myimages/rstudio-01.png  used on input line 403.
(pdftex.def)             Requested size: 328.82959pt x 181.1918pt.
<./myimages/rstudio-screen.png, id=213, 1122.44344pt x 733.99219pt>
File: ./myimages/rstudio-screen.png Graphic file (type png)
<use ./myimages/rstudio-screen.png>
Package pdftex.def Info: ./myimages/rstudio-screen.png  used on input line 414.

(pdftex.def)             Requested size: 399.28375pt x 261.10103pt.
[3 <./myimages/downloadpage02.png> <./myimages/rstudio-01.png>] [4 <./myimages/
rstudio-screen.png>]
Ï†ú\nobreakspace {}2\nobreakspace {}Ïû•
LaTeX Font Info:    Trying to load font information for LUC+nanumgt on input li
ne 489.
(/usr/local/texlive/2020/texmf-dist/tex/latex/nanumtype1/lucnanumgt.fd
File: lucnanumgt.fd 2013/02/12 v0.1 Nanum Gothic font definitions
)
LaTeX Font Info:    Font shape `LUC/nanumgt/m/it' in size <10> not available
(Font)              Font shape `LUC/nanumgt/m/sl' tried instead on input line 4
89.
[5

] [6] [7] [8] [9] [10] [11] [12] [13] [14] [15]
<Rtututorial_files/figure-latex/unnamed-chunk-37-1.pdf, id=325, 431.6125pt x 28
5.065pt>
File: Rtututorial_files/figure-latex/unnamed-chunk-37-1.pdf Graphic file (type 
pdf)
<use Rtututorial_files/figure-latex/unnamed-chunk-37-1.pdf>
Package pdftex.def Info: Rtututorial_files/figure-latex/unnamed-chunk-37-1.pdf 
 used on input line 1307.
(pdftex.def)             Requested size: 431.61143pt x 285.0643pt.

Underfull \vbox (badness 10000) has occurred while \output is active []

[16]
<Rtututorial_files/figure-latex/unnamed-chunk-38-1.pdf, id=331, 407.5225pt x 19
5.73125pt>
File: Rtututorial_files/figure-latex/unnamed-chunk-38-1.pdf Graphic file (type 
pdf)
<use Rtututorial_files/figure-latex/unnamed-chunk-38-1.pdf>
Package pdftex.def Info: Rtututorial_files/figure-latex/unnamed-chunk-38-1.pdf 
 used on input line 1315.
(pdftex.def)             Requested size: 407.54015pt x 195.73972pt.
<Rtututorial_files/figure-latex/unnamed-chunk-39-1.pdf, id=332, 407.5225pt x 22
3.83624pt>
File: Rtututorial_files/figure-latex/unnamed-chunk-39-1.pdf Graphic file (type 
pdf)
<use Rtututorial_files/figure-latex/unnamed-chunk-39-1.pdf>
Package pdftex.def Info: Rtututorial_files/figure-latex/unnamed-chunk-39-1.pdf 
 used on input line 1325.
(pdftex.def)             Requested size: 407.53394pt x 223.84251pt.

Underfull \vbox (badness 3746) has occurred while \output is active []

[17 <./Rtututorial_files/figure-latex/unnamed-chunk-37-1.pdf> <./Rtututorial_fi
les/figure-latex/unnamed-chunk-38-1.pdf>]
<Rtututorial_files/figure-latex/unnamed-chunk-40-1.pdf, id=347, 436.63126pt x 2
52.945pt>
File: Rtututorial_files/figure-latex/unnamed-chunk-40-1.pdf Graphic file (type 
pdf)
<use Rtututorial_files/figure-latex/unnamed-chunk-40-1.pdf>
Package pdftex.def Info: Rtututorial_files/figure-latex/unnamed-chunk-40-1.pdf 
 used on input line 1335.
(pdftex.def)             Requested size: 436.63019pt x 252.94438pt.
[18 <./Rtututorial_files/figure-latex/unnamed-chunk-39-1.pdf> <./Rtututorial_fi
les/figure-latex/unnamed-chunk-40-1.pdf>]
<Rtututorial_files/figure-latex/unnamed-chunk-41-1.pdf, id=362, 436.63126pt x 2
48.93pt>
File: Rtututorial_files/figure-latex/unnamed-chunk-41-1.pdf Graphic file (type 
pdf)
<use Rtututorial_files/figure-latex/unnamed-chunk-41-1.pdf>
Package pdftex.def Info: Rtututorial_files/figure-latex/unnamed-chunk-41-1.pdf 
 used on input line 1376.
(pdftex.def)             Requested size: 436.63019pt x 248.92938pt.
[19 <./Rtututorial_files/figure-latex/unnamed-chunk-41-1.pdf>] [20

]
Ï†ú\nobreakspace {}3\nobreakspace {}Ïû•
<./myimages/tidy-1.png, id=377, 1927.2pt x 602.25pt>
File: ./myimages/tidy-1.png Graphic file (type png)
<use ./myimages/tidy-1.png>
Package pdftex.def Info: ./myimages/tidy-1.png  used on input line 1405.
(pdftex.def)             Requested size: 469.7421pt x 146.79439pt.

Underfull \vbox (badness 2809) has occurred while \output is active []

[21 <./myimages/tidy-1.png>]
LaTeX Font Info:    Font shape `T1/lmtt/bx/n' in size <14.4> not available
(Font)              Font shape `T1/lmtt/b/n' tried instead on input line 1415.
[22]
<./myimages/plot-gather.png, id=394, 383.4325pt x 137.51375pt>
File: ./myimages/plot-gather.png Graphic file (type png)
<use ./myimages/plot-gather.png>
Package pdftex.def Info: ./myimages/plot-gather.png  used on input line 1463.
(pdftex.def)             Requested size: 383.45496pt x 137.5218pt.

Overfull \hbox (310.32695pt too wide) in paragraph at lines 1462--1464
[]\T1/lmtt/m/n/10 gather() \LUC/nanummj/m/n/10/d5 h\LUC/nanummj/m/n/10/c2 ^^X\L
UC/nanummj/m/n/10/b2 î \LUC/nanummj/m/n/10/d5 â\LUC/nanummj/m/n/10/c7 <\LUC/nan
ummj/m/n/10/b8 \ \LUC/nanummj/m/n/10/ae 8\LUC/nanummj/m/n/10/ac å \LUC/nanummj/
m/n/10/b2 ò\LUC/nanummj/m/n/10/c5 ¥\LUC/nanummj/m/n/10/c9 ƒ \LUC/nanummj/m/n/10
/c7 ê\LUC/nanummj/m/n/10/b8 Ã\LUC/nanummj/m/n/10/b9 | \LUC/nanummj/m/n/10/c5 Ù\
LUC/nanummj/m/n/10/b8 \ \LUC/nanummj/m/n/10/ae 8\LUC/nanummj/m/n/10/ac å \LUC/n
anummj/m/n/10/c9 ê\LUC/nanummj/m/n/10/c5 ¥\LUC/nanummj/m/n/10/c9 ¿\LUC/nanummj/
m/n/10/ac å \LUC/nanummj/m/n/10/b9 Ã\LUC/nanummj/m/n/10/b4 ‹\LUC/nanummj/m/n/10
/b2 î \LUC/nanummj/m/n/10/ae 0\LUC/nanummj/m/n/10/b2 •\LUC/nanummj/m/n/10/c7 D 
\LUC/nanummj/m/n/10/d5 X\LUC/nanummj/m/n/10/b2 î \LUC/nanummj/m/n/10/d5 h\LUC/n
anummj/m/n/10/c2 ^^X\LUC/nanummj/m/n/10/c7 t\LUC/nanummj/m/n/10/b2 ‰\T1/lmr/m/n
/10 (-20) . [] 
 []

<./myimages/plot-spread.png, id=395, 362.35374pt x 141.52875pt>
File: ./myimages/plot-spread.png Graphic file (type png)
<use ./myimages/plot-spread.png>
Package pdftex.def Info: ./myimages/plot-spread.png  used on input line 1485.
(pdftex.def)             Requested size: 362.35838pt x 141.53055pt.

Overfull \hbox (289.23038pt too wide) in paragraph at lines 1484--1486
[]\T1/lmtt/m/n/10 spread() \LUC/nanummj/m/n/10/d5 h\LUC/nanummj/m/n/10/c2 ^^X\L
UC/nanummj/m/n/10/b2 î \LUC/nanummj/m/n/10/c5 Ù\LUC/nanummj/m/n/10/c7 <\LUC/nan
ummj/m/n/10/b8 \ \LUC/nanummj/m/n/10/ae 8\LUC/nanummj/m/n/10/ac å \LUC/nanummj/
m/n/10/b2 ò\LUC/nanummj/m/n/10/c5 ¥\LUC/nanummj/m/n/10/c9 ƒ \LUC/nanummj/m/n/10
/c7 ê\LUC/nanummj/m/n/10/b8 Ã\LUC/nanummj/m/n/10/b9 | \LUC/nanummj/m/n/10/d5 â\
LUC/nanummj/m/n/10/b8 \ \LUC/nanummj/m/n/10/ae 8\LUC/nanummj/m/n/10/ac å \LUC/n
anummj/m/n/10/c9 ê\LUC/nanummj/m/n/10/c5 ¥\LUC/nanummj/m/n/10/c9 ¿\LUC/nanummj/
m/n/10/ac å \LUC/nanummj/m/n/10/b9 Ã\LUC/nanummj/m/n/10/b4 ‹\LUC/nanummj/m/n/10
/b2 î \LUC/nanummj/m/n/10/ae 0\LUC/nanummj/m/n/10/b2 •\LUC/nanummj/m/n/10/c7 D 
\LUC/nanummj/m/n/10/d5 X\LUC/nanummj/m/n/10/b2 î \LUC/nanummj/m/n/10/d5 h\LUC/n
anummj/m/n/10/c2 ^^X\LUC/nanummj/m/n/10/c7 t\LUC/nanummj/m/n/10/b2 ‰\T1/lmr/m/n
/10 (-20) . [] 
 []

[23 <./myimages/plot-gather.png> <./myimages/plot-spread.png>]
Underfull \vbox (badness 10000) has occurred while \output is active []

[24] [25] [26] [27] [28] [29] [30]
LaTeX Font Info:    Trying to load font information for TS1+lmtt on input line 
1916.
(/usr/local/texlive/2020/texmf-dist/tex/latex/lm/ts1lmtt.fd
File: ts1lmtt.fd 2009/10/30 v1.6 Font defs for Latin Modern
) [31]
<./myimages/plot-join.png, id=443, 677.53125pt x 560.0925pt>
File: ./myimages/plot-join.png Graphic file (type png)
<use ./myimages/plot-join.png>
Package pdftex.def Info: ./myimages/plot-join.png  used on input line 1953.
(pdftex.def)             Requested size: 444.77351pt x 367.67944pt.

Overfull \hbox (155.15134pt too wide) in paragraph at lines 1952--1954
[]\T1/lmr/m/n/10 (-20) full_join \LUC/nanummj/m/n/10/b4 P \LUC/nanummj/m/n/10/c
7 ê\LUC/nanummj/m/n/10/b8 Ã\LUC/nanummj/m/n/10/c7 X \LUC/nanummj/m/n/10/ba ®\LU
C/nanummj/m/n/10/b4 ‡ \LUC/nanummj/m/n/10/d5 m\LUC/nanummj/m/n/10/ba ©\LUC/nanu
mmj/m/n/10/c7 D \LUC/nanummj/m/n/10/ac ∞\LUC/nanummj/m/n/10/d5 i [] 
 []


Underfull \vbox (badness 10000) has occurred while \output is active []

[32] [33 <./myimages/plot-join.png>] [34]
Ï†ú\nobreakspace {}4\nobreakspace {}Ïû•
<./myimages/excelfile.png, id=459, 978.65625pt x 720.44156pt>
File: ./myimages/excelfile.png Graphic file (type png)
<use ./myimages/excelfile.png>
Package pdftex.def Info: ./myimages/excelfile.png  used on input line 2079.
(pdftex.def)             Requested size: 422.78516pt x 311.23491pt.
LaTeX Font Info:    Font shape `T1/lmtt/bx/n' in size <12> not available
(Font)              Font shape `T1/lmtt/b/n' tried instead on input line 2090.
[35

] [36 <./myimages/excelfile.png>]
<./myimages/installpackage.png, id=475, 589.4522pt x 293.59688pt>
File: ./myimages/installpackage.png Graphic file (type png)
<use ./myimages/installpackage.png>
Package pdftex.def Info: ./myimages/installpackage.png  used on input line 2108
.
(pdftex.def)             Requested size: 422.77728pt x 210.5787pt.
[37 <./myimages/installpackage.png>] [38] [39]
No file Rtututorial.bbl.
(./Rtututorial.ind)
Package atveryend Info: Empty hook `BeforeClearDocument' on input line 2301.
[40]
Package atveryend Info: Empty hook `AfterLastShipout' on input line 2301.
(./Rtututorial.aux)
Package atveryend Info: Executing hook `AtVeryEndDocument' on input line 2301.
Package atveryend Info: Empty hook `AtEndAfterFileList' on input line 2301.
 ) 
Here is how much of TeX's memory you used:
 17964 strings out of 480608
 274015 string characters out of 5903630
 590666 words of memory out of 5000000
 33172 multiletter control sequences out of 15000+600000
 666594 words of font info for 279 fonts, out of 8000000 for 9000
 1141 hyphenation exceptions out of 8191
 41i,8n,42p,810b,609s stack positions out of 5000i,500n,10000p,200000b,80000s
{/usr/local/texlive/2020/texmf-dist/fonts/enc/dvips/lm/lm-ts1.enc}{/usr/local
/texlive/2020/texmf-dist/fonts/enc/dvips/lm/lm-ec.enc}{/usr/local/texlive/2020/
texmf-dist/fonts/enc/dvips/lm/lm-rm.enc}{/usr/local/texlive/2020/texmf-dist/fon
ts/enc/dvips/lm/lm-mathit.enc}</usr/local/texlive/2020/texmf-dist/fonts/type1/p
ublic/lm/lmbx10.pfb></usr/local/texlive/2020/texmf-dist/fonts/type1/public/lm/l
mbx12.pfb></usr/local/texlive/2020/texmf-dist/fonts/type1/public/lm/lmmi10.pfb>
</usr/local/texlive/2020/texmf-dist/fonts/type1/public/lm/lmmi7.pfb></usr/local
/texlive/2020/texmf-dist/fonts/type1/public/lm/lmr10.pfb></usr/local/texlive/20
20/texmf-dist/fonts/type1/public/lm/lmr12.pfb></usr/local/texlive/2020/texmf-di
st/fonts/type1/public/lm/lmr17.pfb></usr/local/texlive/2020/texmf-dist/fonts/ty
pe1/public/lm/lmr7.pfb></usr/local/texlive/2020/texmf-dist/fonts/type1/public/l
m/lmtk10.pfb></usr/local/texlive/2020/texmf-dist/fonts/type1/public/lm/lmtt10.p
fb></usr/local/texlive/2020/texmf-dist/fonts/type1/public/lm/lmtti10.pfb></usr/
local/texlive/2020/texmf-dist/fonts/type1/public/nanumtype1/nanumgtmac.pfb></us
r/local/texlive/2020/texmf-dist/fonts/type1/public/nanumtype1/nanumgtmac.pfb></
usr/local/texlive/2020/texmf-dist/fonts/type1/public/nanumtype1/nanumgtmad.pfb>
</usr/local/texlive/2020/texmf-dist/fonts/type1/public/nanumtype1/nanumgtmae.pf
b></usr/local/texlive/2020/texmf-dist/fonts/type1/public/nanumtype1/nanumgtmb0.
pfb></usr/local/texlive/2020/texmf-dist/fonts/type1/public/nanumtype1/nanumgtmb
1.pfb></usr/local/texlive/2020/texmf-dist/fonts/type1/public/nanumtype1/nanumgt
mb2.pfb></usr/local/texlive/2020/texmf-dist/fonts/type1/public/nanumtype1/nanum
gtmb2.pfb></usr/local/texlive/2020/texmf-dist/fonts/type1/public/nanumtype1/nan
umgtmb3.pfb></usr/local/texlive/2020/texmf-dist/fonts/type1/public/nanumtype1/n
anumgtmb3.pfb></usr/local/texlive/2020/texmf-dist/fonts/type1/public/nanumtype1
/nanumgtmb4.pfb></usr/local/texlive/2020/texmf-dist/fonts/type1/public/nanumtyp
e1/nanumgtmb4.pfb></usr/local/texlive/2020/texmf-dist/fonts/type1/public/nanumt
ype1/nanumgtmb7.pfb></usr/local/texlive/2020/texmf-dist/fonts/type1/public/nanu
mtype1/nanumgtmb8.pfb></usr/local/texlive/2020/texmf-dist/fonts/type1/public/na
numtype1/nanumgtmb9.pfb></usr/local/texlive/2020/texmf-dist/fonts/type1/public/
nanumtype1/nanumgtmbb.pfb></usr/local/texlive/2020/texmf-dist/fonts/type1/publi
c/nanumtype1/nanumgtmbb.pfb></usr/local/texlive/2020/texmf-dist/fonts/type1/pub
lic/nanumtype1/nanumgtmbc.pfb></usr/local/texlive/2020/texmf-dist/fonts/type1/p
ublic/nanumtype1/nanumgtmbd.pfb></usr/local/texlive/2020/texmf-dist/fonts/type1
/public/nanumtype1/nanumgtmc0.pfb></usr/local/texlive/2020/texmf-dist/fonts/typ
e1/public/nanumtype1/nanumgtmc1.pfb></usr/local/texlive/2020/texmf-dist/fonts/t
ype1/public/nanumtype1/nanumgtmc1.pfb></usr/local/texlive/2020/texmf-dist/fonts
/type1/public/nanumtype1/nanumgtmc2.pfb></usr/local/texlive/2020/texmf-dist/fon
ts/type1/public/nanumtype1/nanumgtmc2.pfb></usr/local/texlive/2020/texmf-dist/f
onts/type1/public/nanumtype1/nanumgtmc5.pfb></usr/local/texlive/2020/texmf-dist
/fonts/type1/public/nanumtype1/nanumgtmc5.pfb></usr/local/texlive/2020/texmf-di
st/fonts/type1/public/nanumtype1/nanumgtmc6.pfb></usr/local/texlive/2020/texmf-
dist/fonts/type1/public/nanumtype1/nanumgtmc6.pfb></usr/local/texlive/2020/texm
f-dist/fonts/type1/public/nanumtype1/nanumgtmc7.pfb></usr/local/texlive/2020/te
xmf-dist/fonts/type1/public/nanumtype1/nanumgtmc7.pfb></usr/local/texlive/2020/
texmf-dist/fonts/type1/public/nanumtype1/nanumgtmc8.pfb></usr/local/texlive/202
0/texmf-dist/fonts/type1/public/nanumtype1/nanumgtmc8.pfb></usr/local/texlive/2
020/texmf-dist/fonts/type1/public/nanumtype1/nanumgtmc9.pfb></usr/local/texlive
/2020/texmf-dist/fonts/type1/public/nanumtype1/nanumgtmc9.pfb></usr/local/texli
ve/2020/texmf-dist/fonts/type1/public/nanumtype1/nanumgtmcc.pfb></usr/local/tex
live/2020/texmf-dist/fonts/type1/public/nanumtype1/nanumgtmcd.pfb></usr/local/t
exlive/2020/texmf-dist/fonts/type1/public/nanumtype1/nanumgtmce.pfb></usr/local
/texlive/2020/texmf-dist/fonts/type1/public/nanumtype1/nanumgtmd0.pfb></usr/loc
al/texlive/2020/texmf-dist/fonts/type1/public/nanumtype1/nanumgtmd1.pfb></usr/l
ocal/texlive/2020/texmf-dist/fonts/type1/public/nanumtype1/nanumgtmd3.pfb></usr
/local/texlive/2020/texmf-dist/fonts/type1/public/nanumtype1/nanumgtmd5.pfb></u
sr/local/texlive/2020/texmf-dist/fonts/type1/public/nanumtype1/nanumgtmd5.pfb><
/usr/local/texlive/2020/texmf-dist/fonts/type1/public/nanumtype1/nanumgtmd6.pfb
></usr/local/texlive/2020/texmf-dist/fonts/type1/public/nanumtype1/nanumgtmd7.p
fb></usr/local/texlive/2020/texmf-dist/fonts/type1/public/nanumtype1/nanummjbac
.pfb></usr/local/texlive/2020/texmf-dist/fonts/type1/public/nanumtype1/nanummjb
ad.pfb></usr/local/texlive/2020/texmf-dist/fonts/type1/public/nanumtype1/nanumm
jbae.pfb></usr/local/texlive/2020/texmf-dist/fonts/type1/public/nanumtype1/nanu
mmjbb2.pfb></usr/local/texlive/2020/texmf-dist/fonts/type1/public/nanumtype1/na
nummjbb3.pfb></usr/local/texlive/2020/texmf-dist/fonts/type1/public/nanumtype1/
nanummjbb4.pfb></usr/local/texlive/2020/texmf-dist/fonts/type1/public/nanumtype
1/nanummjbb7.pfb></usr/local/texlive/2020/texmf-dist/fonts/type1/public/nanumty
pe1/nanummjbb8.pfb></usr/local/texlive/2020/texmf-dist/fonts/type1/public/nanum
type1/nanummjbb9.pfb></usr/local/texlive/2020/texmf-dist/fonts/type1/public/nan
umtype1/nanummjbba.pfb></usr/local/texlive/2020/texmf-dist/fonts/type1/public/n
anumtype1/nanummjbbc.pfb></usr/local/texlive/2020/texmf-dist/fonts/type1/public
/nanumtype1/nanummjbbd.pfb></usr/local/texlive/2020/texmf-dist/fonts/type1/publ
ic/nanumtype1/nanummjbc0.pfb></usr/local/texlive/2020/texmf-dist/fonts/type1/pu
blic/nanumtype1/nanummjbc1.pfb></usr/local/texlive/2020/texmf-dist/fonts/type1/
public/nanumtype1/nanummjbc2.pfb></usr/local/texlive/2020/texmf-dist/fonts/type
1/public/nanumtype1/nanummjbc5.pfb></usr/local/texlive/2020/texmf-dist/fonts/ty
pe1/public/nanumtype1/nanummjbc6.pfb></usr/local/texlive/2020/texmf-dist/fonts/
type1/public/nanumtype1/nanummjbc7.pfb></usr/local/texlive/2020/texmf-dist/font
s/type1/public/nanumtype1/nanummjbc8.pfb></usr/local/texlive/2020/texmf-dist/fo
nts/type1/public/nanumtype1/nanummjbc9.pfb></usr/local/texlive/2020/texmf-dist/
fonts/type1/public/nanumtype1/nanummjbcc.pfb></usr/local/texlive/2020/texmf-dis
t/fonts/type1/public/nanumtype1/nanummjbcd.pfb></usr/local/texlive/2020/texmf-d
ist/fonts/type1/public/nanumtype1/nanummjbce.pfb></usr/local/texlive/2020/texmf
-dist/fonts/type1/public/nanumtype1/nanummjbd0.pfb></usr/local/texlive/2020/tex
mf-dist/fonts/type1/public/nanumtype1/nanummjbd1.pfb></usr/local/texlive/2020/t
exmf-dist/fonts/type1/public/nanumtype1/nanummjbd3.pfb></usr/local/texlive/2020
/texmf-dist/fonts/type1/public/nanumtype1/nanummjbd4.pfb></usr/local/texlive/20
20/texmf-dist/fonts/type1/public/nanumtype1/nanummjbd5.pfb></usr/local/texlive/
2020/texmf-dist/fonts/type1/public/nanumtype1/nanummjbd6.pfb></usr/local/texliv
e/2020/texmf-dist/fonts/type1/public/nanumtype1/nanummjmac.pfb></usr/local/texl
ive/2020/texmf-dist/fonts/type1/public/nanumtype1/nanummjmad.pfb></usr/local/te
xlive/2020/texmf-dist/fonts/type1/public/nanumtype1/nanummjmae.pfb></usr/local/
texlive/2020/texmf-dist/fonts/type1/public/nanumtype1/nanummjmaf.pfb></usr/loca
l/texlive/2020/texmf-dist/fonts/type1/public/nanumtype1/nanummjmb0.pfb></usr/lo
cal/texlive/2020/texmf-dist/fonts/type1/public/nanumtype1/nanummjmb1.pfb></usr/
local/texlive/2020/texmf-dist/fonts/type1/public/nanumtype1/nanummjmb2.pfb></us
r/local/texlive/2020/texmf-dist/fonts/type1/public/nanumtype1/nanummjmb3.pfb></
usr/local/texlive/2020/texmf-dist/fonts/type1/public/nanumtype1/nanummjmb4.pfb>
</usr/local/texlive/2020/texmf-dist/fonts/type1/public/nanumtype1/nanummjmb5.pf
b></usr/local/texlive/2020/texmf-dist/fonts/type1/public/nanumtype1/nanummjmb6.
pfb></usr/local/texlive/2020/texmf-dist/fonts/type1/public/nanumtype1/nanummjmb
7.pfb></usr/local/texlive/2020/texmf-dist/fonts/type1/public/nanumtype1/nanummj
mb8.pfb></usr/local/texlive/2020/texmf-dist/fonts/type1/public/nanumtype1/nanum
mjmb9.pfb></usr/local/texlive/2020/texmf-dist/fonts/type1/public/nanumtype1/nan
ummjmba.pfb></usr/local/texlive/2020/texmf-dist/fonts/type1/public/nanumtype1/n
anummjmbb.pfb></usr/local/texlive/2020/texmf-dist/fonts/type1/public/nanumtype1
/nanummjmbc.pfb></usr/local/texlive/2020/texmf-dist/fonts/type1/public/nanumtyp
e1/nanummjmbd.pfb></usr/local/texlive/2020/texmf-dist/fonts/type1/public/nanumt
ype1/nanummjmbe.pfb></usr/local/texlive/2020/texmf-dist/fonts/type1/public/nanu
mtype1/nanummjmbf.pfb></usr/local/texlive/2020/texmf-dist/fonts/type1/public/na
numtype1/nanummjmc0.pfb></usr/local/texlive/2020/texmf-dist/fonts/type1/public/
nanumtype1/nanummjmc1.pfb></usr/local/texlive/2020/texmf-dist/fonts/type1/publi
c/nanumtype1/nanummjmc2.pfb></usr/local/texlive/2020/texmf-dist/fonts/type1/pub
lic/nanumtype1/nanummjmc4.pfb></usr/local/texlive/2020/texmf-dist/fonts/type1/p
ublic/nanumtype1/nanummjmc5.pfb></usr/local/texlive/2020/texmf-dist/fonts/type1
/public/nanumtype1/nanummjmc6.pfb></usr/local/texlive/2020/texmf-dist/fonts/typ
e1/public/nanumtype1/nanummjmc7.pfb></usr/local/texlive/2020/texmf-dist/fonts/t
ype1/public/nanumtype1/nanummjmc8.pfb></usr/local/texlive/2020/texmf-dist/fonts
/type1/public/nanumtype1/nanummjmc9.pfb></usr/local/texlive/2020/texmf-dist/fon
ts/type1/public/nanumtype1/nanummjmca.pfb></usr/local/texlive/2020/texmf-dist/f
onts/type1/public/nanumtype1/nanummjmcc.pfb></usr/local/texlive/2020/texmf-dist
/fonts/type1/public/nanumtype1/nanummjmcd.pfb></usr/local/texlive/2020/texmf-di
st/fonts/type1/public/nanumtype1/nanummjmce.pfb></usr/local/texlive/2020/texmf-
dist/fonts/type1/public/nanumtype1/nanummjmcf.pfb></usr/local/texlive/2020/texm
f-dist/fonts/type1/public/nanumtype1/nanummjmd0.pfb></usr/local/texlive/2020/te
xmf-dist/fonts/type1/public/nanumtype1/nanummjmd1.pfb></usr/local/texlive/2020/
texmf-dist/fonts/type1/public/nanumtype1/nanummjmd2.pfb></usr/local/texlive/202
0/texmf-dist/fonts/type1/public/nanumtype1/nanummjmd3.pfb></usr/local/texlive/2
020/texmf-dist/fonts/type1/public/nanumtype1/nanummjmd4.pfb></usr/local/texlive
/2020/texmf-dist/fonts/type1/public/nanumtype1/nanummjmd5.pfb></usr/local/texli
ve/2020/texmf-dist/fonts/type1/public/nanumtype1/nanummjmd6.pfb></usr/local/tex
live/2020/texmf-dist/fonts/type1/public/nanumtype1/nanummjmd7.pfb>
Output written on Rtututorial.pdf (50 pages, 5722701 bytes).
PDF statistics:
 1031 PDF objects out of 1200 (max. 8388607)
 811 compressed objects within 9 object streams
 133 named destinations out of 1000 (max. 500000)
 10563 words of extra memory for PDF output out of 12000 (max. 10000000)

